<?xml version="1.0" encoding="UTF-8"?>
<testsuite xmlns:xsi="http://www.w3.org/2001/XMLSchema-instance" xsi:noNamespaceSchemaLocation="https://maven.apache.org/surefire/maven-surefire-plugin/xsd/surefire-test-report-3.0.xsd" version="3.0" name="com.p2p.LoanServiceTest" time="0.566" tests="4" errors="0" skipped="0" failures="0">
  <properties>
[...]
</properties>
  <testcase name="shouldRejectLoanWhenCreditScoreLow" classname="com.p2p.LoanServiceTest" time="0.052">
    <system-out><![CDATA[08:42:16.359 [main] INFO  com.p2p.LoanServiceTest - TC-04: Borrower verified tapi credit score rendah
08:42:16.373 [main] WARN  com.p2p.LoanServiceTest - TC-04: Loan ditolak, status: REJECTED
]]></system-out>
  </testcase>
  <testcase name="shouldApproveLoanWhenCreditScoreHigh" classname="com.p2p.LoanServiceTest" time="0.005">
    <system-out><![CDATA[08:42:16.386 [main] INFO  com.p2p.LoanServiceTest - TC-03: Borrower verified, credit score tinggi, mengajukan loan
08:42:16.389 [main] INFO  com.p2p.LoanServiceTest - TC-03: Status loan: APPROVED
]]></system-out>
  </testcase>
  <testcase name="shouldRejectLoanWhenAmountIsZeroOrNegative" classname="com.p2p.LoanServiceTest" time="0.004">
    <system-out><![CDATA[08:42:16.393 [main] INFO  com.p2p.LoanServiceTest - TC-02: Test amount tidak valid
08:42:16.394 [main] ERROR com.p2p.LoanServiceTest - TC-02: Amount nol ditolak: Loan amount must be greater than 0
08:42:16.395 [main] ERROR com.p2p.LoanServiceTest - TC-02: Amount negatif ditolak: Loan amount must be greater than 0
]]></system-out>
  </testcase>
  <testcase name="shouldRejectLoanWhenBorrowerNotVerified" classname="com.p2p.LoanServiceTest" time="0.004">
    <system-out><![CDATA[08:42:16.400 [main] INFO  com.p2p.LoanServiceTest - TC-01: Mencoba buat loan dengan borrower belum KYC
08:42:16.401 [main] WARN  com.p2p.LoanServiceTest - TC-01: Loan gagal dibuat: Borrower not verified
]]></system-out>
  </testcase>
</testsuite>